mode: set
webapps_test/cmd/web/forms.go:10.42,12.26 2 1
webapps_test/cmd/web/forms.go:12.26,14.3 1 1
webapps_test/cmd/web/forms.go:15.2,15.22 1 1
webapps_test/cmd/web/forms.go:18.44,20.2 1 1
webapps_test/cmd/web/forms.go:27.37,32.2 1 1
webapps_test/cmd/web/forms.go:34.39,38.2 2 1
webapps_test/cmd/web/forms.go:40.43,41.31 1 1
webapps_test/cmd/web/forms.go:41.31,43.37 2 1
webapps_test/cmd/web/forms.go:43.37,45.4 1 1
webapps_test/cmd/web/forms.go:49.52,50.9 1 1
webapps_test/cmd/web/forms.go:50.9,52.3 1 1
webapps_test/cmd/web/forms.go:55.29,57.2 1 1
webapps_test/cmd/web/handlers.go:18.70,20.2 1 1
webapps_test/cmd/web/handlers.go:22.108,26.16 2 1
webapps_test/cmd/web/handlers.go:26.16,29.3 2 0
webapps_test/cmd/web/handlers.go:31.2,35.16 3 1
webapps_test/cmd/web/handlers.go:35.16,37.3 1 0
webapps_test/cmd/web/handlers.go:39.2,39.12 1 1
webapps_test/cmd/web/handlers.go:42.71,44.16 2 0
webapps_test/cmd/web/handlers.go:44.16,48.3 3 0
webapps_test/cmd/web/handlers.go:50.2,53.19 3 0
webapps_test/cmd/web/handlers.go:53.19,56.3 2 0
webapps_test/cmd/web/handlers.go:58.2,63.22 4 0
webapps_test/cmd/web/main.go:11.13,23.16 5 0
webapps_test/cmd/web/main.go:23.16,25.3 1 0
webapps_test/cmd/web/middleware.go:14.67,16.2 1 1
webapps_test/cmd/web/middleware.go:18.72,19.71 1 1
webapps_test/cmd/web/middleware.go:19.71,23.17 3 1
webapps_test/cmd/web/middleware.go:23.17,25.20 2 1
webapps_test/cmd/web/middleware.go:25.20,27.5 1 1
webapps_test/cmd/web/middleware.go:28.4,28.60 1 1
webapps_test/cmd/web/middleware.go:29.9,31.4 1 1
webapps_test/cmd/web/middleware.go:32.3,32.40 1 1
webapps_test/cmd/web/middleware.go:36.45,38.16 2 1
webapps_test/cmd/web/middleware.go:38.16,40.3 1 1
webapps_test/cmd/web/middleware.go:42.2,43.19 2 1
webapps_test/cmd/web/middleware.go:43.19,45.3 1 1
webapps_test/cmd/web/middleware.go:47.2,48.22 2 1
webapps_test/cmd/web/middleware.go:48.22,50.3 1 1
webapps_test/cmd/web/middleware.go:52.2,52.18 1 1
webapps_test/cmd/web/middleware.go:52.18,54.3 1 0
webapps_test/cmd/web/middleware.go:55.2,55.16 1 1
webapps_test/cmd/web/routes.go:10.47,26.2 8 1
